<?xml version="1.0" encoding="UTF-8"?>
<testng-results skipped="0" failed="0" ignored="0" total="1" passed="1">
  <reporter-output>
  </reporter-output>
  <suite name="Default suite" duration-ms="25616" started-at="2018-03-24T02:18:44Z" finished-at="2018-03-24T02:19:09Z">
    <groups>
    </groups>
    <test name="Default test" duration-ms="25616" started-at="2018-03-24T02:18:44Z" finished-at="2018-03-24T02:19:09Z">
      <class name="com.tests.TestCase21_UsedCarOption">
        <test-method status="PASS" signature="setUp()[pri:0, instance:com.tests.TestCase21_UsedCarOption@6f7fd0e6]" name="setUp" duration-ms="25578" started-at="2018-03-24T02:18:44Z" finished-at="2018-03-24T02:19:09Z">
          <reporter-output>
          </reporter-output>
        </test-method> <!-- setUp -->
      </class> <!-- com.tests.TestCase21_UsedCarOption -->
    </test> <!-- Default test -->
  </suite> <!-- Default suite -->
</testng-results>
